[2026-03-13 02:39:45] SUMMARY: succeeded=0 failed=0 skipped=0
[2026-03-13 02:47:53] === BATCH START (3 features) ===
[2026-03-13 02:47:53] --- FEATURE 1/3: /Users/liamseper/.cursor/plans/animation_support_feature_26bd300d.plan.md ---
[2026-03-13 02:47:53] --- FEATURE 2/3: /Users/liamseper/.cursor/plans/roulette_game_mode_342d73da.plan.md ---
[2026-03-13 02:47:53] --- FEATURE 3/3: /Users/liamseper/.cursor/plans/puzzle_game_mode_d447456c.plan.md ---
[2026-03-13 02:47:53] === BATCH END ===
[2026-03-13 02:47:54] SUMMARY: succeeded=0 failed=3 skipped=0
[2026-03-13 02:50:43] === BATCH START (3 features) ===
[2026-03-13 02:50:43] --- FEATURE 1/3: /specs/support-animations.md ---
[2026-03-13 02:50:44] BASELINE: starting capture to /var/folders/ck/9kcc1qnn6p1bjmmb13sp8nb80000gn/T/tmp.ggFFSgY5OP
[2026-03-13 02:51:48] BASELINE: captured 54 stories to /var/folders/ck/9kcc1qnn6p1bjmmb13sp8nb80000gn/T/tmp.ggFFSgY5OP
[2026-03-13 02:51:48] START step=IMPLEMENT feature=/specs/support-animations.md
[2026-03-13 02:56:06] Added test script to frontend/package.json
[2026-03-13 02:56:07] === BATCH START (3 features) ===
[2026-03-13 02:56:07] --- FEATURE 1/3: /specs/support-animations.md ---
[2026-03-13 02:56:07] BASELINE: starting capture to /var/folders/ck/9kcc1qnn6p1bjmmb13sp8nb80000gn/T/tmp.RVy2ZQXroD
[2026-03-13 02:57:07] BASELINE: captured 54 stories to /var/folders/ck/9kcc1qnn6p1bjmmb13sp8nb80000gn/T/tmp.RVy2ZQXroD
[2026-03-13 02:57:07] START step=IMPLEMENT feature=/specs/support-animations.md
[2026-03-13 02:59:48] Added test script to frontend/package.json
[2026-03-13 02:59:48] === BATCH START (2 features) ===
[2026-03-13 02:59:48] --- FEATURE 1/2: /specs/roulette-game-mode.md ---
[2026-03-13 02:59:48] BASELINE: starting capture to /var/folders/ck/9kcc1qnn6p1bjmmb13sp8nb80000gn/T/tmp.mZirMBxbSF
[2026-03-13 03:00:49] BASELINE: captured 54 stories to /var/folders/ck/9kcc1qnn6p1bjmmb13sp8nb80000gn/T/tmp.mZirMBxbSF
[2026-03-13 03:00:49] START step=IMPLEMENT feature=/specs/roulette-game-mode.md
[2026-03-13 03:30:49] OK step=IMPLEMENT
[2026-03-13 03:30:58] START step=FIX-STATIC-1 feature=/specs/roulette-game-mode.md
[2026-03-13 04:21:18] OK step=FIX-STATIC-1
[2026-03-13 04:21:30] START step=STORYBOOK-CHECK feature=/specs/roulette-game-mode.md
[2026-03-13 04:30:53] OK step=STORYBOOK-CHECK
[2026-03-13 04:30:53] START step=E2E-TEST feature=/specs/roulette-game-mode.md
[2026-03-13 05:05:34] OK step=E2E-TEST
